#
# A fatal error has been detected by the Java Runtime Environment:
#
#  EXCEPTION_ACCESS_VIOLATION (0xc0000005) at pc=0x00000000722bb4d2, pid=4800, tid=0x00000000000042f0
#
# JRE version: Java(TM) SE Runtime Environment (8.0_221-b11) (build 1.8.0_221-b11)
# Java VM: Java HotSpot(TM) 64-Bit Server VM (25.221-b11 mixed mode windows-amd64 compressed oops)
# Problematic frame:
# V  [jvm.dll+0x2db4d2]
#
# Failed to write core dump. Minidumps are not enabled by default on client versions of Windows
#
# If you would like to submit a bug report, please visit:
#   http://bugreport.java.com/bugreport/crash.jsp
#

---------------  T H R E A D  ---------------

Current thread (0x000000001cd96800):  VMThread [stack: 0x000000001f4f0000,0x000000001f5f0000] [id=17136]

siginfo: ExceptionCode=0xc0000005, reading address 0x000000002854eba8

Registers:
RAX=0x000000002854eb30, RBX=0x000000001f5ef1c0, RCX=0x000000001f5ef1f0, RDX=0x000000001f5ef1c0
RSP=0x000000001f5ef130, RBP=0x0000000000000000, RSI=0x000000000000000c, RDI=0x000000001f5ef220
R8 =0x000000001f5ef220, R9 =0x0000000000000010, R10=0x00000000725d7ca8, R11=0x00000000034ba119
R12=0x0000000000000000, R13=0x0000000000000000, R14=0x0000000000000000, R15=0x0000000000000011
RIP=0x00000000722bb4d2, EFLAGS=0x0000000000010202

Top of Stack: (sp=0x000000001f5ef130)
0x000000001f5ef130:   000000001f5ef1f0 000000007221ba72
0x000000001f5ef140:   0000000020a88800 000000001cd96250
0x000000001f5ef150:   0000000000000000 0000000000000000
0x000000001f5ef160:   000000007279b878 00000000722bb82b
0x000000001f5ef170:   000000001f5ef1c0 0000000000000000
0x000000001f5ef180:   000000000000000c 000000002854eb30
0x000000001f5ef190:   0000000020a88800 0000000072223064
0x000000001f5ef1a0:   0000000020a88800 0000000000000000
0x000000001f5ef1b0:   000000000000000c 000000007226d90b
0x000000001f5ef1c0:   000000076f180000 00000000723d71fe
0x000000001f5ef1d0:   0000000000000000 0000000000000000
0x000000001f5ef1e0:   0000000000000000 0000000000000000
0x000000001f5ef1f0:   000000002854eb30 00000000034ba119
0x000000001f5ef200:   00000000034b9f50 0000000000000000
0x000000001f5ef210:   0000000000000000 000000002854eb30
0x000000001f5ef220:   0000000000000000 0000000000000000 

Instructions: (pc=0x00000000722bb4d2)
0x00000000722bb4b2:   41 55 48 83 ec 20 41 80 b8 b0 05 00 00 00 48 8b
0x00000000722bb4c2:   41 10 49 8b f8 4c 63 48 2c 48 8b 41 28 48 8b da
0x00000000722bb4d2:   4e 8b 6c c8 f8 4a 8d 34 c8 48 8b e9 74 3c 48 8b
0x00000000722bb4e2:   49 10 49 8b 90 a8 05 00 00 48 8b 01 ff 90 90 00 


Register to memory mapping:

RAX=0x000000002854eb30 is pointing into the stack for thread: 0x0000000020a88800
RBX=0x000000001f5ef1c0 is an unknown value
RCX=0x000000001f5ef1f0 is an unknown value
RDX=0x000000001f5ef1c0 is an unknown value
RSP=0x000000001f5ef130 is an unknown value
RBP=0x0000000000000000 is an unknown value
RSI=0x000000000000000c is an unknown value
RDI=0x000000001f5ef220 is an unknown value
R8 =0x000000001f5ef220 is an unknown value
R9 =0x0000000000000010 is an unknown value
R10=0x00000000725d7ca8 is an unknown value
R11=0x00000000034ba119 is at entry_point+89 in (nmethod*)0x00000000034b9f50
R12=0x0000000000000000 is an unknown value
R13=0x0000000000000000 is an unknown value
R14=0x0000000000000000 is an unknown value
R15=0x0000000000000011 is an unknown value


Stack: [0x000000001f4f0000,0x000000001f5f0000],  sp=0x000000001f5ef130,  free space=1020k
Native frames: (J=compiled Java code, j=interpreted, Vv=VM code, C=native code)


---------------  P R O C E S S  ---------------

Java Threads: ( => current thread )
  0x0000000020a88800 JavaThread "Thread-3" [_thread_in_native, id=9632, stack(0x0000000028450000,0x0000000028550000)]
  0x000000002041b800 JavaThread "D3D Screen Updater" daemon [_thread_blocked, id=5936, stack(0x000000002b370000,0x000000002b470000)]
  0x000000002040b800 JavaThread "TimerQueue" daemon [_thread_blocked, id=17896, stack(0x000000002af70000,0x000000002b070000)]
  0x000000000301d800 JavaThread "DestroyJavaVM" [_thread_blocked, id=5584, stack(0x0000000002ef0000,0x0000000002ff0000)]
  0x0000000020345000 JavaThread "AWT-EventQueue-0" [_thread_blocked, id=3524, stack(0x0000000021050000,0x0000000021150000)]
  0x000000002033d800 JavaThread "AWT-Windows" daemon [_thread_in_native, id=18216, stack(0x0000000020c90000,0x0000000020d90000)]
  0x000000002033c000 JavaThread "AWT-Shutdown" [_thread_blocked, id=12716, stack(0x0000000020b90000,0x0000000020c90000)]
  0x000000002033b800 JavaThread "Java2D Disposer" daemon [_thread_blocked, id=18104, stack(0x0000000020a90000,0x0000000020b90000)]
  0x000000001e50f800 JavaThread "Service Thread" daemon [_thread_blocked, id=5984, stack(0x000000001ff20000,0x0000000020020000)]
  0x000000001e4d3000 JavaThread "C1 CompilerThread3" daemon [_thread_blocked, id=13076, stack(0x000000001fe20000,0x000000001ff20000)]
  0x000000001e4c6000 JavaThread "C2 CompilerThread2" daemon [_thread_blocked, id=15796, stack(0x000000001fd20000,0x000000001fe20000)]
  0x000000001e4a3800 JavaThread "C2 CompilerThread1" daemon [_thread_blocked, id=5980, stack(0x000000001fc20000,0x000000001fd20000)]
  0x000000001e48f000 JavaThread "C2 CompilerThread0" daemon [_thread_blocked, id=10452, stack(0x000000001fb20000,0x000000001fc20000)]
  0x000000001e48a800 JavaThread "Attach Listener" daemon [_thread_blocked, id=4448, stack(0x000000001fa20000,0x000000001fb20000)]
  0x000000001e489000 JavaThread "Signal Dispatcher" daemon [_thread_blocked, id=408, stack(0x000000001f920000,0x000000001fa20000)]
  0x000000001e483000 JavaThread "Finalizer" daemon [_thread_blocked, id=752, stack(0x000000001f6f0000,0x000000001f7f0000)]
  0x000000001cd9d800 JavaThread "Reference Handler" daemon [_thread_blocked, id=6048, stack(0x000000001f5f0000,0x000000001f6f0000)]

Other Threads:
=>0x000000001cd96800 VMThread [stack: 0x000000001f4f0000,0x000000001f5f0000] [id=17136]
  0x000000001e516000 WatcherThread [stack: 0x0000000020020000,0x0000000020120000] [id=12684]

VM state:at safepoint (normal execution)

VM Mutex/Monitor currently owned by a thread:  ([mutex/lock_event])
[0x000000000301d1b0] Safepoint_lock - owner thread: 0x000000001cd96800
[0x000000000301c630] Threads_lock - owner thread: 0x000000001cd96800

heap address: 0x00000006c1000000, size: 4080 MB, Compressed Oops mode: Zero based, Oop shift amount: 3
Narrow klass base: 0x0000000000000000, Narrow klass shift: 3
Compressed class space size: 1073741824 Address: 0x00000007c0000000

Heap:
 PSYoungGen      total 60416K, used 54628K [0x000000076b000000, 0x000000076f480000, 0x00000007c0000000)
  eden space 57344K, 95% used [0x000000076b000000,0x000000076e541170,0x000000076e800000)
  from space 3072K, 3% used [0x000000076ee80000,0x000000076ee98000,0x000000076f180000)
  to   space 3072K, 0% used [0x000000076f180000,0x000000076f180000,0x000000076f480000)
 ParOldGen       total 175104K, used 2096K [0x00000006c1000000, 0x00000006cbb00000, 0x000000076b000000)
  object space 175104K, 1% used [0x00000006c1000000,0x00000006c120c388,0x00000006cbb00000)
 Metaspace       used 11404K, capacity 11642K, committed 11904K, reserved 1058816K
  class space    used 1434K, capacity 1543K, committed 1664K, reserved 1048576K

Card table byte_map: [0x00000000124e0000,0x0000000012ce0000] byte_map_base: 0x000000000eed8000

Marking Bits: (ParMarkBitMap*) 0x0000000072805ce0
 Begin Bits: [0x0000000013c30000, 0x0000000017bf0000)
 End Bits:   [0x0000000017bf0000, 0x000000001bbb0000)

Polling page: 0x00000000015d0000

CodeCache: size=245760Kb used=4024Kb max_used=4033Kb free=241735Kb
 bounds [0x0000000003120000, 0x0000000003520000, 0x0000000012120000]
 total_blobs=1637 nmethods=1168 adapters=383
 compilation: enabled

Compilation events (10 events):
Event: 82.894 Thread 0x000000001e48f000 1164       4       sun.awt.AWTAutoShutdown::notifyToolkitThreadBusy (8 bytes)
Event: 82.894 Thread 0x000000001e4a3800 1165       4       sun.awt.AWTAutoShutdown::notifyToolkitThreadFree (8 bytes)
Event: 82.896 Thread 0x000000001e4a3800 nmethod 1165 0x000000000350d710 code [0x000000000350d860, 0x000000000350dd38]
Event: 82.896 Thread 0x000000001e48f000 nmethod 1164 0x0000000003504f90 code [0x00000000035050e0, 0x00000000035055f8]
Event: 82.938 Thread 0x000000001e4c6000 1166       4       java.awt.EventQueue::getNextEventPrivate (76 bytes)
Event: 82.941 Thread 0x000000001e4c6000 nmethod 1166 0x0000000003504910 code [0x0000000003504a60, 0x0000000003504d18]
Event: 83.025 Thread 0x000000001e4d3000 1167       3       sun.java2d.pipe.BufferedPaints::setPaint (125 bytes)
Event: 83.025 Thread 0x000000001e4d3000 nmethod 1167 0x000000000350e690 code [0x000000000350e8c0, 0x000000000350f688]
Event: 83.027 Thread 0x000000001e4d3000 1168       3       sun.java2d.d3d.D3DSurfaceData::validatePipe (414 bytes)
Event: 83.027 Thread 0x000000001e4d3000 nmethod 1168 0x00000000035122d0 code [0x0000000003512540, 0x0000000003513668]

GC Heap History (10 events):
Event: 65.535 GC heap before
{Heap before GC invocations=7 (full 0):
 PSYoungGen      total 65024K, used 64560K [0x000000076b000000, 0x000000076fb00000, 0x00000007c0000000)
  eden space 62464K, 100% used [0x000000076b000000,0x000000076ed00000,0x000000076ed00000)
  from space 2560K, 81% used [0x000000076f880000,0x000000076fa8c010,0x000000076fb00000)
  to   space 2560K, 0% used [0x000000076f600000,0x000000076f600000,0x000000076f880000)
 ParOldGen       total 175104K, used 56K [0x00000006c1000000, 0x00000006cbb00000, 0x000000076b000000)
  object space 175104K, 0% used [0x00000006c1000000,0x00000006c100e000,0x00000006cbb00000)
 Metaspace       used 11391K, capacity 11642K, committed 11904K, reserved 1058816K
  class space    used 1434K, capacity 1543K, committed 1664K, reserved 1048576K
Event: 65.539 GC heap after
Heap after GC invocations=7 (full 0):
 PSYoungGen      total 61952K, used 128K [0x000000076b000000, 0x000000076f900000, 0x00000007c0000000)
  eden space 61440K, 0% used [0x000000076b000000,0x000000076b000000,0x000000076ec00000)
  from space 512K, 25% used [0x000000076f600000,0x000000076f620000,0x000000076f680000)
  to   space 2560K, 0% used [0x000000076f680000,0x000000076f680000,0x000000076f900000)
 ParOldGen       total 175104K, used 2032K [0x00000006c1000000, 0x00000006cbb00000, 0x000000076b000000)
  object space 175104K, 1% used [0x00000006c1000000,0x00000006c11fc388,0x00000006cbb00000)
 Metaspace       used 11391K, capacity 11642K, committed 11904K, reserved 1058816K
  class space    used 1434K, capacity 1543K, committed 1664K, reserved 1048576K
}
Event: 67.126 GC heap before
{Heap before GC invocations=8 (full 0):
 PSYoungGen      total 61952K, used 61568K [0x000000076b000000, 0x000000076f900000, 0x00000007c0000000)
  eden space 61440K, 100% used [0x000000076b000000,0x000000076ec00000,0x000000076ec00000)
  from space 512K, 25% used [0x000000076f600000,0x000000076f620000,0x000000076f680000)
  to   space 2560K, 0% used [0x000000076f680000,0x000000076f680000,0x000000076f900000)
 ParOldGen       total 175104K, used 2032K [0x00000006c1000000, 0x00000006cbb00000, 0x000000076b000000)
  object space 175104K, 1% used [0x00000006c1000000,0x00000006c11fc388,0x00000006cbb00000)
 Metaspace       used 11391K, capacity 11642K, committed 11904K, reserved 1058816K
  class space    used 1434K, capacity 1543K, committed 1664K, reserved 1048576K
Event: 67.127 GC heap after
Heap after GC invocations=8 (full 0):
 PSYoungGen      total 60928K, used 64K [0x000000076b000000, 0x000000076f700000, 0x00000007c0000000)
  eden space 60416K, 0% used [0x000000076b000000,0x000000076b000000,0x000000076eb00000)
  from space 512K, 12% used [0x000000076f680000,0x000000076f690000,0x000000076f700000)
  to   space 3072K, 0% used [0x000000076f100000,0x000000076f100000,0x000000076f400000)
 ParOldGen       total 175104K, used 2056K [0x00000006c1000000, 0x00000006cbb00000, 0x000000076b000000)
  object space 175104K, 1% used [0x00000006c1000000,0x00000006c1202388,0x00000006cbb00000)
 Metaspace       used 11391K, capacity 11642K, committed 11904K, reserved 1058816K
  class space    used 1434K, capacity 1543K, committed 1664K, reserved 1048576K
}
Event: 69.282 GC heap before
{Heap before GC invocations=9 (full 0):
 PSYoungGen      total 60928K, used 60480K [0x000000076b000000, 0x000000076f700000, 0x00000007c0000000)
  eden space 60416K, 100% used [0x000000076b000000,0x000000076eb00000,0x000000076eb00000)
  from space 512K, 12% used [0x000000076f680000,0x000000076f690000,0x000000076f700000)
  to   space 3072K, 0% used [0x000000076f100000,0x000000076f100000,0x000000076f400000)
 ParOldGen       total 175104K, used 2056K [0x00000006c1000000, 0x00000006cbb00000, 0x000000076b000000)
  object space 175104K, 1% used [0x00000006c1000000,0x00000006c1202388,0x00000006cbb00000)
 Metaspace       used 11391K, capacity 11642K, committed 11904K, reserved 1058816K
  class space    used 1434K, capacity 1543K, committed 1664K, reserved 1048576K
Event: 69.282 GC heap after
Heap after GC invocations=9 (full 0):
 PSYoungGen      total 62464K, used 96K [0x000000076b000000, 0x000000076f700000, 0x00000007c0000000)
  eden space 59392K, 0% used [0x000000076b000000,0x000000076b000000,0x000000076ea00000)
  from space 3072K, 3% used [0x000000076f100000,0x000000076f118000,0x000000076f400000)
  to   space 3072K, 0% used [0x000000076f400000,0x000000076f400000,0x000000076f700000)
 ParOldGen       total 175104K, used 2056K [0x00000006c1000000, 0x00000006cbb00000, 0x000000076b000000)
  object space 175104K, 1% used [0x00000006c1000000,0x00000006c1202388,0x00000006cbb00000)
 Metaspace       used 11391K, capacity 11642K, committed 11904K, reserved 1058816K
  class space    used 1434K, capacity 1543K, committed 1664K, reserved 1048576K
}
Event: 71.529 GC heap before
{Heap before GC invocations=10 (full 0):
 PSYoungGen      total 62464K, used 59488K [0x000000076b000000, 0x000000076f700000, 0x00000007c0000000)
  eden space 59392K, 100% used [0x000000076b000000,0x000000076ea00000,0x000000076ea00000)
  from space 3072K, 3% used [0x000000076f100000,0x000000076f118000,0x000000076f400000)
  to   space 3072K, 0% used [0x000000076f400000,0x000000076f400000,0x000000076f700000)
 ParOldGen       total 175104K, used 2056K [0x00000006c1000000, 0x00000006cbb00000, 0x000000076b000000)
  object space 175104K, 1% used [0x00000006c1000000,0x00000006c1202388,0x00000006cbb00000)
 Metaspace       used 11391K, capacity 11642K, committed 11904K, reserved 1058816K
  class space    used 1434K, capacity 1543K, committed 1664K, reserved 1048576K
Event: 71.530 GC heap after
Heap after GC invocations=10 (full 0):
 PSYoungGen      total 58880K, used 192K [0x000000076b000000, 0x000000076f480000, 0x00000007c0000000)
  eden space 58368K, 0% used [0x000000076b000000,0x000000076b000000,0x000000076e900000)
  from space 512K, 37% used [0x000000076f400000,0x000000076f430000,0x000000076f480000)
  to   space 3072K, 0% used [0x000000076ee80000,0x000000076ee80000,0x000000076f180000)
 ParOldGen       total 175104K, used 2096K [0x00000006c1000000, 0x00000006cbb00000, 0x000000076b000000)
  object space 175104K, 1% used [0x00000006c1000000,0x00000006c120c388,0x00000006cbb00000)
 Metaspace       used 11391K, capacity 11642K, committed 11904K, reserved 1058816K
  class space    used 1434K, capacity 1543K, committed 1664K, reserved 1048576K
}
Event: 73.175 GC heap before
{Heap before GC invocations=11 (full 0):
 PSYoungGen      total 58880K, used 58560K [0x000000076b000000, 0x000000076f480000, 0x00000007c0000000)
  eden space 58368K, 100% used [0x000000076b000000,0x000000076e900000,0x000000076e900000)
  from space 512K, 37% used [0x000000076f400000,0x000000076f430000,0x000000076f480000)
  to   space 3072K, 0% used [0x000000076ee80000,0x000000076ee80000,0x000000076f180000)
 ParOldGen       total 175104K, used 2096K [0x00000006c1000000, 0x00000006cbb00000, 0x000000076b000000)
  object space 175104K, 1% used [0x00000006c1000000,0x00000006c120c388,0x00000006cbb00000)
 Metaspace       used 11391K, capacity 11642K, committed 11904K, reserved 1058816K
  class space    used 1434K, capacity 1543K, committed 1664K, reserved 1048576K
Event: 73.176 GC heap after
Heap after GC invocations=11 (full 0):
 PSYoungGen      total 60416K, used 96K [0x000000076b000000, 0x000000076f480000, 0x00000007c0000000)
  eden space 57344K, 0% used [0x000000076b000000,0x000000076b000000,0x000000076e800000)
  from space 3072K, 3% used [0x000000076ee80000,0x000000076ee98000,0x000000076f180000)
  to   space 3072K, 0% used [0x000000076f180000,0x000000076f180000,0x000000076f480000)
 ParOldGen       total 175104K, used 2096K [0x00000006c1000000, 0x00000006cbb00000, 0x000000076b000000)
  object space 175104K, 1% used [0x00000006c1000000,0x00000006c120c388,0x00000006cbb00000)
 Metaspace       used 11391K, capacity 11642K, committed 11904K, reserved 1058816K
  class space    used 1434K, capacity 1543K, committed 1664K, reserved 1048576K
}

Deoptimization events (10 events):
Event: 3.516 Thread 0x0000000020345000 Uncommon trap: reason=class_check action=maybe_recompile pc=0x00000000032ab774 method=java.lang.String.equals(Ljava/lang/Object;)Z @ 8
Event: 3.721 Thread 0x0000000020345000 Uncommon trap: reason=class_check action=maybe_recompile pc=0x00000000032ab774 method=java.lang.String.equals(Ljava/lang/Object;)Z @ 8
Event: 3.722 Thread 0x0000000020345000 Uncommon trap: reason=class_check action=maybe_recompile pc=0x00000000032ab774 method=java.lang.String.equals(Ljava/lang/Object;)Z @ 8
Event: 20.564 Thread 0x0000000020345000 Uncommon trap: reason=unstable_if action=reinterpret pc=0x00000000033f9b90 method=java.awt.EventQueue.getPriority(Ljava/awt/AWTEvent;)I @ 4
Event: 20.564 Thread 0x0000000020345000 Uncommon trap: reason=unstable_if action=reinterpret pc=0x00000000033f0c5c method=java.awt.EventQueue.eventToCacheIndex(Ljava/awt/AWTEvent;)I @ 71
Event: 53.772 Thread 0x00000000208a6800 Uncommon trap: reason=unloaded action=reinterpret pc=0x00000000034a5a48 method=java.net.SocketOutputStream.socketWrite([BII)V @ 95
Event: 53.772 Thread 0x0000000020a88800 Uncommon trap: reason=unloaded action=reinterpret pc=0x000000000349b984 method=java.net.SocketInputStream.read([BIII)I @ 151
Event: 53.772 Thread 0x00000000208a6800 Uncommon trap: reason=unstable_if action=reinterpret pc=0x000000000349ac6c method=java.io.ObjectOutputStream$HandleTable.lookup(Ljava/lang/Object;)I @ 4
Event: 53.773 Thread 0x0000000020a88800 Uncommon trap: reason=unstable_if action=reinterpret pc=0x000000000349c73c method=java.io.ObjectInputStream.readObject0(Z)Ljava/lang/Object; @ 9
Event: 53.774 Thread 0x00000000208a6800 Uncommon trap: reason=unloaded action=reinterpret pc=0x000000000349f3e4 method=java.net.SocketOutputStream.socketWrite([BII)V @ 95

Classes redefined (0 events):
No events

Internal exceptions (10 events):
Event: 20.574 Thread 0x00000000208a6800 Exception <a 'java/lang/NoSuchMethodError': <clinit>> (0x000000076bf9aeb8) thrown at [C:\re\workspace\8-2-build-windows-amd64-cygwin\jdk8u221\13320\hotspot\src\share\vm\prims\jni.cpp, line 1614]
Event: 20.574 Thread 0x00000000208a6800 Exception <a 'java/lang/NoSuchMethodError': <clinit>> (0x000000076bfa1270) thrown at [C:\re\workspace\8-2-build-windows-amd64-cygwin\jdk8u221\13320\hotspot\src\share\vm\prims\jni.cpp, line 1614]
Event: 20.575 Thread 0x00000000208a6800 Exception <a 'java/lang/NoSuchMethodError': <clinit>> (0x000000076bfaa960) thrown at [C:\re\workspace\8-2-build-windows-amd64-cygwin\jdk8u221\13320\hotspot\src\share\vm\prims\jni.cpp, line 1614]
Event: 20.577 Thread 0x00000000208a6800 Exception <a 'java/lang/NoSuchMethodError': <clinit>> (0x000000076bfbd820) thrown at [C:\re\workspace\8-2-build-windows-amd64-cygwin\jdk8u221\13320\hotspot\src\share\vm\prims\jni.cpp, line 1614]
Event: 20.578 Thread 0x00000000208a6800 Exception <a 'java/lang/NoSuchMethodError': <clinit>> (0x000000076bfca318) thrown at [C:\re\workspace\8-2-build-windows-amd64-cygwin\jdk8u221\13320\hotspot\src\share\vm\prims\jni.cpp, line 1614]
Event: 20.579 Thread 0x00000000208a6800 Exception <a 'java/lang/NoSuchMethodError': <clinit>> (0x000000076bfd5388) thrown at [C:\re\workspace\8-2-build-windows-amd64-cygwin\jdk8u221\13320\hotspot\src\share\vm\prims\jni.cpp, line 1614]
Event: 53.772 Thread 0x00000000208a6800 Exception <a 'java/net/SocketException': Connection reset by peer: socket write error> (0x000000076c1de7f8) thrown at [C:\re\workspace\8-2-build-windows-amd64-cygwin\jdk8u221\13320\hotspot\src\share\vm\prims\jni.cpp, line 736]
Event: 53.772 Thread 0x0000000020a88800 Exception <a 'sun/net/ConnectionResetException': > (0x000000076c0c0528) thrown at [C:\re\workspace\8-2-build-windows-amd64-cygwin\jdk8u221\13320\hotspot\src\share\vm\prims\jni.cpp, line 736]
Event: 53.772 Thread 0x0000000020a88800 Exception <a 'sun/net/ConnectionResetException': > (0x000000076c0c0758) thrown at [C:\re\workspace\8-2-build-windows-amd64-cygwin\jdk8u221\13320\hotspot\src\share\vm\prims\jni.cpp, line 736]
Event: 53.774 Thread 0x00000000208a6800 Exception <a 'java/net/SocketException': Connection reset by peer: socket write error> (0x000000076c1f7770) thrown at [C:\re\workspace\8-2-build-windows-amd64-cygwin\jdk8u221\13320\hotspot\src\share\vm\prims\jni.cpp, line 736]

Events (10 events):
Event: 65.534 Executing VM operation: ParallelGCFailedAllocation
Event: 65.539 Executing VM operation: ParallelGCFailedAllocation done
Event: 67.126 Executing VM operation: ParallelGCFailedAllocation
Event: 67.127 Executing VM operation: ParallelGCFailedAllocation done
Event: 69.282 Executing VM operation: ParallelGCFailedAllocation
Event: 69.283 Executing VM operation: ParallelGCFailedAllocation done
Event: 71.529 Executing VM operation: ParallelGCFailedAllocation
Event: 71.530 Executing VM operation: ParallelGCFailedAllocation done
Event: 73.175 Executing VM operation: ParallelGCFailedAllocation
Event: 73.176 Executing VM operation: ParallelGCFailedAllocation done


Dynamic libraries:
0x00007ff7e5270000 - 0x00007ff7e52a7000 	C:\Program Files\Java\jre1.8.0_221\bin\javaw.exe
0x00007ff89ffc0000 - 0x00007ff8a01b0000 	C:\WINDOWS\SYSTEM32\ntdll.dll
0x00007ff88bad0000 - 0x00007ff88bae4000 	C:\Program Files\AVAST Software\Avast\aswhook.dll
0x00007ff89e8c0000 - 0x00007ff89e972000 	C:\WINDOWS\System32\KERNEL32.DLL
0x00007ff89d150000 - 0x00007ff89d3f3000 	C:\WINDOWS\System32\KERNELBASE.dll
0x00007ff89e040000 - 0x00007ff89e0e3000 	C:\WINDOWS\System32\ADVAPI32.dll
0x00007ff89ea20000 - 0x00007ff89eabe000 	C:\WINDOWS\System32\msvcrt.dll
0x00007ff89e630000 - 0x00007ff89e6c7000 	C:\WINDOWS\System32\sechost.dll
0x00007ff89ead0000 - 0x00007ff89ebf0000 	C:\WINDOWS\System32\RPCRT4.dll
0x00007ff89f780000 - 0x00007ff89f914000 	C:\WINDOWS\System32\USER32.dll
0x00007ff89d5d0000 - 0x00007ff89d5f1000 	C:\WINDOWS\System32\win32u.dll
0x00007ff89e890000 - 0x00007ff89e8b6000 	C:\WINDOWS\System32\GDI32.dll
0x00007ff89cfb0000 - 0x00007ff89d144000 	C:\WINDOWS\System32\gdi32full.dll
0x00007ff89d4b0000 - 0x00007ff89d54e000 	C:\WINDOWS\System32\msvcp_win.dll
0x00007ff89d600000 - 0x00007ff89d6fa000 	C:\WINDOWS\System32\ucrtbase.dll
0x00007ff88a6c0000 - 0x00007ff88a945000 	C:\WINDOWS\WinSxS\amd64_microsoft.windows.common-controls_6595b64144ccf1df_6.0.18362.535_none_e6c3b34713100821\COMCTL32.dll
0x00007ff89fc10000 - 0x00007ff89ff46000 	C:\WINDOWS\System32\combase.dll
0x00007ff89d550000 - 0x00007ff89d5d0000 	C:\WINDOWS\System32\bcryptPrimitives.dll
0x00007ff89e980000 - 0x00007ff89e9ae000 	C:\WINDOWS\System32\IMM32.DLL
0x0000000071e20000 - 0x0000000071ef2000 	C:\Program Files\Java\jre1.8.0_221\bin\msvcr100.dll
0x0000000071fe0000 - 0x0000000072885000 	C:\Program Files\Java\jre1.8.0_221\bin\server\jvm.dll
0x00007ff89fb30000 - 0x00007ff89fb38000 	C:\WINDOWS\System32\PSAPI.DLL
0x00007ff887330000 - 0x00007ff887339000 	C:\WINDOWS\SYSTEM32\WSOCK32.dll
0x00007ff89e9b0000 - 0x00007ff89ea1f000 	C:\WINDOWS\System32\WS2_32.dll
0x00007ff89ae90000 - 0x00007ff89aeb4000 	C:\WINDOWS\SYSTEM32\WINMM.dll
0x00007ff897620000 - 0x00007ff89762a000 	C:\WINDOWS\SYSTEM32\VERSION.dll
0x00007ff89ae60000 - 0x00007ff89ae8d000 	C:\WINDOWS\SYSTEM32\WINMMBASE.dll
0x00007ff89dff0000 - 0x00007ff89e03a000 	C:\WINDOWS\System32\cfgmgr32.dll
0x00007ff88b6b0000 - 0x00007ff88b6bf000 	C:\Program Files\Java\jre1.8.0_221\bin\verify.dll
0x00007ff8736e0000 - 0x00007ff873709000 	C:\Program Files\Java\jre1.8.0_221\bin\java.dll
0x00007ff8736c0000 - 0x00007ff8736d6000 	C:\Program Files\Java\jre1.8.0_221\bin\zip.dll
0x00007ff89ec10000 - 0x00007ff89f2f5000 	C:\WINDOWS\System32\SHELL32.dll
0x00007ff89e0f0000 - 0x00007ff89e199000 	C:\WINDOWS\System32\shcore.dll
0x00007ff89d850000 - 0x00007ff89dfcf000 	C:\WINDOWS\System32\windows.storage.dll
0x00007ff89cf00000 - 0x00007ff89cf1f000 	C:\WINDOWS\System32\profapi.dll
0x00007ff89ceb0000 - 0x00007ff89cefa000 	C:\WINDOWS\System32\powrprof.dll
0x00007ff89ce60000 - 0x00007ff89ce70000 	C:\WINDOWS\System32\UMPDC.dll
0x00007ff89e480000 - 0x00007ff89e4d2000 	C:\WINDOWS\System32\shlwapi.dll
0x00007ff89ce70000 - 0x00007ff89ce81000 	C:\WINDOWS\System32\kernel.appcore.dll
0x00007ff89dfd0000 - 0x00007ff89dfe7000 	C:\WINDOWS\System32\cryptsp.dll
0x00007ff8821c0000 - 0x00007ff882359000 	C:\Program Files\Java\jre1.8.0_221\bin\awt.dll
0x00007ff89fb40000 - 0x00007ff89fc04000 	C:\WINDOWS\System32\OLEAUT32.dll
0x00007ff89b0f0000 - 0x00007ff89b17f000 	C:\WINDOWS\SYSTEM32\apphelp.dll
0x00007ff89b1c0000 - 0x00007ff89b259000 	C:\WINDOWS\system32\uxtheme.dll
0x00007ff89e750000 - 0x00007ff89e885000 	C:\WINDOWS\System32\MSCTF.dll
0x0000000180000000 - 0x0000000180272000 	C:\Program Files (x86)\RivaTuner Statistics Server\RTSSHooks64.dll
0x00007ff89f9d0000 - 0x00007ff89fb26000 	C:\WINDOWS\System32\ole32.dll
0x00007ff89b7b0000 - 0x00007ff89b7dd000 	C:\WINDOWS\system32\DWMAPI.DLL
0x00007ff894a00000 - 0x00007ff894b56000 	C:\WINDOWS\system32\opengl32.dll
0x00007ff8948f0000 - 0x00007ff89491c000 	C:\WINDOWS\SYSTEM32\GLU32.dll
0x00007ff89bab0000 - 0x00007ff89bad0000 	C:\WINDOWS\SYSTEM32\dxcore.dll
0x00007ff867ce0000 - 0x00007ff867ea7000 	C:\WINDOWS\system32\d3d9.dll
0x00007ff897310000 - 0x00007ff8974f0000 	C:\WINDOWS\System32\DriverStore\FileRepository\u0347941.inf_amd64_1f3b4b494dc60019\B347949\aticfx64.dll
0x00007ff86c510000 - 0x00007ff86c541000 	C:\WINDOWS\System32\DriverStore\FileRepository\u0347941.inf_amd64_1f3b4b494dc60019\B347949\atiu9p64.dll
0x00007ff854e90000 - 0x00007ff855b6c000 	C:\WINDOWS\System32\DriverStore\FileRepository\u0347941.inf_amd64_1f3b4b494dc60019\B347949\atiumd64.dll
0x00007ff890fc0000 - 0x00007ff8911b4000 	C:\WINDOWS\SYSTEM32\dbghelp.dll
0x00007ff890360000 - 0x00007ff89038a000 	C:\WINDOWS\SYSTEM32\dbgcore.DLL
0x00000000728c0000 - 0x0000000073659000 	C:\WINDOWS\System32\DriverStore\FileRepository\u0347941.inf_amd64_1f3b4b494dc60019\B347949\atiumd6a.dll
0x00007ff897590000 - 0x00007ff8975bb000 	C:\WINDOWS\SYSTEM32\amdihk64.dll
0x00007ff88b300000 - 0x00007ff88b349000 	C:\Program Files\Java\jre1.8.0_221\bin\fontmanager.dll
0x00007ff8736a0000 - 0x00007ff8736ba000 	C:\Program Files\Java\jre1.8.0_221\bin\net.dll
0x00007ff892c90000 - 0x00007ff892e66000 	C:\WINDOWS\SYSTEM32\urlmon.dll
0x00007ff892f90000 - 0x00007ff893236000 	C:\WINDOWS\SYSTEM32\iertutil.dll
0x00007ff89c8a0000 - 0x00007ff89c8ac000 	C:\WINDOWS\SYSTEM32\CRYPTBASE.DLL
0x00007ff89c6d0000 - 0x00007ff89c737000 	C:\WINDOWS\system32\mswsock.dll
0x00007ff873680000 - 0x00007ff873692000 	C:\Program Files\Java\jre1.8.0_221\bin\nio.dll
0x00007ff88b230000 - 0x00007ff88b272000 	C:\Program Files\Java\jre1.8.0_221\bin\t2k.dll
0x00007ff89f920000 - 0x00007ff89f9c2000 	C:\WINDOWS\System32\clbcatq.dll
0x00007ff898630000 - 0x00007ff8987df000 	C:\WINDOWS\SYSTEM32\WindowsCodecs.dll
0x00007ff888a80000 - 0x00007ff888aba000 	C:\WINDOWS\system32\dataexchange.dll
0x00007ff89a530000 - 0x00007ff89a78b000 	C:\WINDOWS\system32\d3d11.dll
0x00007ff89a910000 - 0x00007ff89aaeb000 	C:\WINDOWS\system32\dcomp.dll
0x00007ff89bb40000 - 0x00007ff89bc2b000 	C:\WINDOWS\system32\dxgi.dll
0x00007ff89b280000 - 0x00007ff89b4da000 	C:\WINDOWS\system32\twinapi.appcore.dll
0x00007ff89b5e0000 - 0x00007ff89b609000 	C:\WINDOWS\system32\RMCLIENT.dll
0x00007ff8944c0000 - 0x00007ff89455e000 	C:\WINDOWS\System32\TextInputFramework.dll
0x00007ff898c40000 - 0x00007ff898f6a000 	C:\WINDOWS\System32\CoreUIComponents.dll
0x00007ff89a790000 - 0x00007ff89a864000 	C:\WINDOWS\System32\CoreMessaging.dll
0x00007ff89bea0000 - 0x00007ff89bed1000 	C:\WINDOWS\SYSTEM32\ntmarta.dll
0x00007ff898ae0000 - 0x00007ff898c33000 	C:\WINDOWS\SYSTEM32\wintypes.dll
0x00007ff89c420000 - 0x00007ff89c4ea000 	C:\WINDOWS\SYSTEM32\DNSAPI.dll
0x00007ff89eac0000 - 0x00007ff89eac8000 	C:\WINDOWS\System32\NSI.dll
0x00007ff89c3e0000 - 0x00007ff89c41a000 	C:\WINDOWS\SYSTEM32\IPHLPAPI.DLL
0x00007ff891360000 - 0x00007ff89136a000 	C:\Windows\System32\rasadhlp.dll
0x00007ff8915a0000 - 0x00007ff891617000 	C:\WINDOWS\System32\fwpuclnt.dll
0x00007ff89cf80000 - 0x00007ff89cfa6000 	C:\WINDOWS\System32\bcrypt.dll

VM Arguments:
jvm_args: -Dfile.encoding=Cp1252 
java_command: multigame.Gui_Client
java_class_path (initial): C:\Users\elach\git\Eclipse\Server\bin
Launcher Type: SUN_STANDARD

Environment Variables:
PATH=C:/Program Files/Java/jre1.8.0_221/bin/server;C:/Program Files/Java/jre1.8.0_221/bin;C:/Program Files/Java/jre1.8.0_221/lib/amd64;C:\Program Files (x86)\NVIDIA Corporation\PhysX\Common;C:\Program Files (x86)\Common Files\Oracle\Java\javapath;C:\Program Files\AdoptOpenJDK\jdk-11.0.2+9-jre\bin;C:\Program Files\AdoptOpenJDK\jdk8u202-b08-jre\bin;C:\WINDOWS\system32;C:\WINDOWS;C:\WINDOWS\System32\Wbem;C:\WINDOWS\System32\WindowsPowerShell\v1.0\;C:\WINDOWS\System32\OpenSSH\;C:\Program Files\Git\cmd;J:\Gpg4win\..\GnuPG\bin;C:\Program Files\PuTTY\;C:\Users\elach\AppData\Local\Microsoft\WindowsApps;C:\Users\elach\AppData\Local\Programs\Microsoft VS Code\bin;C:\Users\elach\AppData\Local\atom\bin;C:\Users\elach\Desktop\eclipse;
USERNAME=elach
OS=Windows_NT
PROCESSOR_IDENTIFIER=AMD64 Family 23 Model 8 Stepping 2, AuthenticAMD



---------------  S Y S T E M  ---------------

OS: Windows 10.0 , 64 bit Build 18362 (10.0.18362.329)

CPU:total 12 (initial active 12) (12 cores per cpu, 1 threads per core) family 23 model 8 stepping 2, cmov, cx8, fxsr, mmx, sse, sse2, sse3, ssse3, sse4.1, sse4.2, popcnt, avx, avx2, aes, clmul, mmxext, 3dnowpref, lzcnt, sse4a, tsc, tscinvbit, tscinv, bmi1

Memory: 4k page, physical 16709120k(8713968k free), swap 27194880k(10693316k free)

vm_info: Java HotSpot(TM) 64-Bit Server VM (25.221-b11) for windows-amd64 JRE (1.8.0_221-b11), built on Jul  4 2019 04:39:29 by "java_re" with MS VC++ 10.0 (VS2010)

time: Tue Dec 17 15:49:24 2019
timezone: Mitteleuropäische Zeit
elapsed time: 83 seconds (0d 0h 1m 23s)

